2023-04-02 21:35:41.3340|DEBUG|ClassHelper.LogHelper|System.ArgumentException: Cannot bind to the property or column ID on the DataSource.
Parameter name: dataMember
   at System.Windows.Forms.BindToObject.CheckBinding()
   at System.Windows.Forms.BindToObject.SetBindingManagerBase(BindingManagerBase lManager)
   at System.Windows.Forms.Binding.SetListManager(BindingManagerBase bindingManagerBase)
   at System.Windows.Forms.ListManagerBindingsCollection.AddCore(Binding dataBinding)
   at System.Windows.Forms.BindingsCollection.Add(Binding binding)
   at System.Windows.Forms.BindingContext.UpdateBinding(BindingContext newBindingContext, Binding binding)
   at System.Windows.Forms.Binding.SetBindableComponent(IBindableComponent value)
   at System.Windows.Forms.ControlBindingsCollection.AddCore(Binding dataBinding)
   at System.Windows.Forms.BindingsCollection.Add(Binding binding)
   at System.Windows.Forms.ControlBindingsCollection.Add(String propertyName, Object dataSource, String dataMember, Boolean formattingEnabled, DataSourceUpdateMode updateMode, Object nullValue, String formatString, IFormatProvider formatInfo)
   at System.Windows.Forms.ControlBindingsCollection.Add(String propertyName, Object dataSource, String dataMember)
   at KSP3.DesktopApp.CustomUI.UserControls.Home.TSensor.Init() in D:\PROJECTS\KSP3\KSP3.DesktopApp.CustomUI\UserControls\Home\TSensor.cs:line 37
   at KSP3.DesktopApp.CustomUI.UserControls.Home.TSensor.TSensor_Load(Object sender, EventArgs e) in D:\PROJECTS\KSP3\KSP3.DesktopApp.CustomUI\UserControls\Home\TSensor.cs:line 56
   at System.EventHandler.Invoke(Object sender, EventArgs e)
   at System.Windows.Forms.UserControl.OnLoad(EventArgs e)
   at System.Windows.Forms.UserControl.OnCreateControl()
   at System.Windows.Forms.Control.CreateControl(Boolean fIgnoreVisible)
   at System.Windows.Forms.Control.CreateControl()
   at System.Windows.Forms.Control.ControlCollection.Add(Control value)
   at System.Windows.Forms.Control.ControlCollection.AddRange(Control[] controls)
   at KSP3.DesktopApp.CustomUI.UserControls.Home.MainScreen.<LoadUI>d__8.MoveNext() in D:\PROJECTS\KSP3\KSP3.DesktopApp.CustomUI\UserControls\Home\MainScreen.cs:line 64
--- End of stack trace from previous location where exception was thrown ---
   at System.Runtime.CompilerServices.TaskAwaiter.ThrowForNonSuccess(Task task)
   at System.Runtime.CompilerServices.TaskAwaiter.HandleNonSuccessAndDebuggerNotification(Task task)
   at System.Runtime.CompilerServices.TaskAwaiter.GetResult()
   at KSP3.DesktopApp.Views.frmMain.<<RegisterUI>b__4_0>d.MoveNext() in D:\PROJECTS\KSP3\KSP3.DesktopApp\Views\frmMain.cs:line 93
--- End of stack trace from previous location where exception was thrown ---
   at System.Runtime.CompilerServices.TaskAwaiter.ThrowForNonSuccess(Task task)
   at System.Runtime.CompilerServices.TaskAwaiter.HandleNonSuccessAndDebuggerNotification(Task task)
   at System.Runtime.CompilerServices.TaskAwaiter.GetResult()
   at KSP3.DesktopApp.CustomUI.Components.ViewMainController.<>c__DisplayClass11_0`1.<<LoadUIAsync>b__0>d.MoveNext() in D:\PROJECTS\KSP3\KSP3.DesktopApp.CustomUI\Components\ViewMainController.cs:line 83
--- End of stack trace from previous location where exception was thrown ---
   at System.Runtime.CompilerServices.TaskAwaiter.ThrowForNonSuccess(Task task)
   at System.Runtime.CompilerServices.TaskAwaiter.HandleNonSuccessAndDebuggerNotification(Task task)
   at System.Runtime.CompilerServices.TaskAwaiter`1.GetResult()
   at KSP3.DesktopApp.CustomUI.Components.ViewMainController.<OnLoadingControl>d__12`1.MoveNext() in D:\PROJECTS\KSP3\KSP3.DesktopApp.CustomUI\Components\ViewMainController.cs:line 116
2023-04-02 21:35:41.4240|ERROR|ClassHelper.LogHelper|System.ArgumentException: Cannot bind to the property or column ID on the DataSource.
Parameter name: dataMember
   at System.Windows.Forms.BindToObject.CheckBinding()
   at System.Windows.Forms.BindToObject.SetBindingManagerBase(BindingManagerBase lManager)
   at System.Windows.Forms.Binding.SetListManager(BindingManagerBase bindingManagerBase)
   at System.Windows.Forms.ListManagerBindingsCollection.AddCore(Binding dataBinding)
   at System.Windows.Forms.BindingsCollection.Add(Binding binding)
   at System.Windows.Forms.BindingContext.UpdateBinding(BindingContext newBindingContext, Binding binding)
   at System.Windows.Forms.Binding.SetBindableComponent(IBindableComponent value)
   at System.Windows.Forms.ControlBindingsCollection.AddCore(Binding dataBinding)
   at System.Windows.Forms.BindingsCollection.Add(Binding binding)
   at System.Windows.Forms.ControlBindingsCollection.Add(String propertyName, Object dataSource, String dataMember, Boolean formattingEnabled, DataSourceUpdateMode updateMode, Object nullValue, String formatString, IFormatProvider formatInfo)
   at System.Windows.Forms.ControlBindingsCollection.Add(String propertyName, Object dataSource, String dataMember)
   at KSP3.DesktopApp.CustomUI.UserControls.Home.TSensor.Init() in D:\PROJECTS\KSP3\KSP3.DesktopApp.CustomUI\UserControls\Home\TSensor.cs:line 37
   at KSP3.DesktopApp.CustomUI.UserControls.Home.TSensor.TSensor_Load(Object sender, EventArgs e) in D:\PROJECTS\KSP3\KSP3.DesktopApp.CustomUI\UserControls\Home\TSensor.cs:line 56
   at System.EventHandler.Invoke(Object sender, EventArgs e)
   at System.Windows.Forms.UserControl.OnLoad(EventArgs e)
   at System.Windows.Forms.UserControl.OnCreateControl()
   at System.Windows.Forms.Control.CreateControl(Boolean fIgnoreVisible)
   at System.Windows.Forms.Control.CreateControl()
   at System.Windows.Forms.Control.ControlCollection.Add(Control value)
   at System.Windows.Forms.Control.ControlCollection.AddRange(Control[] controls)
   at KSP3.DesktopApp.CustomUI.UserControls.Home.MainScreen.<LoadUI>d__8.MoveNext() in D:\PROJECTS\KSP3\KSP3.DesktopApp.CustomUI\UserControls\Home\MainScreen.cs:line 64
--- End of stack trace from previous location where exception was thrown ---
   at System.Runtime.CompilerServices.TaskAwaiter.ThrowForNonSuccess(Task task)
   at System.Runtime.CompilerServices.TaskAwaiter.HandleNonSuccessAndDebuggerNotification(Task task)
   at System.Runtime.CompilerServices.TaskAwaiter.GetResult()
   at KSP3.DesktopApp.Views.frmMain.<<RegisterUI>b__4_0>d.MoveNext() in D:\PROJECTS\KSP3\KSP3.DesktopApp\Views\frmMain.cs:line 93
--- End of stack trace from previous location where exception was thrown ---
   at System.Runtime.CompilerServices.TaskAwaiter.ThrowForNonSuccess(Task task)
   at System.Runtime.CompilerServices.TaskAwaiter.HandleNonSuccessAndDebuggerNotification(Task task)
   at System.Runtime.CompilerServices.TaskAwaiter.GetResult()
   at KSP3.DesktopApp.CustomUI.Components.ViewMainController.<>c__DisplayClass11_0`1.<<LoadUIAsync>b__0>d.MoveNext() in D:\PROJECTS\KSP3\KSP3.DesktopApp.CustomUI\Components\ViewMainController.cs:line 83
--- End of stack trace from previous location where exception was thrown ---
   at System.Runtime.CompilerServices.TaskAwaiter.ThrowForNonSuccess(Task task)
   at System.Runtime.CompilerServices.TaskAwaiter.HandleNonSuccessAndDebuggerNotification(Task task)
   at System.Runtime.CompilerServices.TaskAwaiter`1.GetResult()
   at KSP3.DesktopApp.CustomUI.Components.ViewMainController.<OnLoadingControl>d__12`1.MoveNext() in D:\PROJECTS\KSP3\KSP3.DesktopApp.CustomUI\Components\ViewMainController.cs:line 116
2023-04-02 21:36:23.1692|ERROR|ClassHelper.LogHelper|System.ArgumentException: Cannot bind to the property or column ID on the DataSource.
Parameter name: dataMember
   at System.Windows.Forms.BindToObject.CheckBinding()
   at System.Windows.Forms.BindToObject.SetBindingManagerBase(BindingManagerBase lManager)
   at System.Windows.Forms.Binding.SetListManager(BindingManagerBase bindingManagerBase)
   at System.Windows.Forms.ListManagerBindingsCollection.AddCore(Binding dataBinding)
   at System.Windows.Forms.BindingsCollection.Add(Binding binding)
   at System.Windows.Forms.BindingContext.UpdateBinding(BindingContext newBindingContext, Binding binding)
   at System.Windows.Forms.Binding.SetBindableComponent(IBindableComponent value)
   at System.Windows.Forms.ControlBindingsCollection.AddCore(Binding dataBinding)
   at System.Windows.Forms.BindingsCollection.Add(Binding binding)
   at System.Windows.Forms.ControlBindingsCollection.Add(String propertyName, Object dataSource, String dataMember, Boolean formattingEnabled, DataSourceUpdateMode updateMode, Object nullValue, String formatString, IFormatProvider formatInfo)
   at System.Windows.Forms.ControlBindingsCollection.Add(String propertyName, Object dataSource, String dataMember)
   at KSP3.DesktopApp.CustomUI.UserControls.Home.TSensor.Init() in D:\PROJECTS\KSP3\KSP3.DesktopApp.CustomUI\UserControls\Home\TSensor.cs:line 37
   at KSP3.DesktopApp.CustomUI.UserControls.Home.TSensor.TSensor_Load(Object sender, EventArgs e) in D:\PROJECTS\KSP3\KSP3.DesktopApp.CustomUI\UserControls\Home\TSensor.cs:line 56
   at System.EventHandler.Invoke(Object sender, EventArgs e)
   at System.Windows.Forms.UserControl.OnLoad(EventArgs e)
   at System.Windows.Forms.UserControl.OnCreateControl()
   at System.Windows.Forms.Control.CreateControl(Boolean fIgnoreVisible)
   at System.Windows.Forms.Control.CreateControl()
   at System.Windows.Forms.Control.ControlCollection.Add(Control value)
   at System.Windows.Forms.Control.ControlCollection.AddRange(Control[] controls)
   at KSP3.DesktopApp.CustomUI.UserControls.Home.MainScreen.<LoadUI>d__8.MoveNext() in D:\PROJECTS\KSP3\KSP3.DesktopApp.CustomUI\UserControls\Home\MainScreen.cs:line 64
--- End of stack trace from previous location where exception was thrown ---
   at System.Runtime.CompilerServices.TaskAwaiter.ThrowForNonSuccess(Task task)
   at System.Runtime.CompilerServices.TaskAwaiter.HandleNonSuccessAndDebuggerNotification(Task task)
   at System.Runtime.CompilerServices.TaskAwaiter.GetResult()
   at KSP3.DesktopApp.Views.frmMain.<<RegisterUI>b__4_0>d.MoveNext() in D:\PROJECTS\KSP3\KSP3.DesktopApp\Views\frmMain.cs:line 93
--- End of stack trace from previous location where exception was thrown ---
   at System.Runtime.CompilerServices.TaskAwaiter.ThrowForNonSuccess(Task task)
   at System.Runtime.CompilerServices.TaskAwaiter.HandleNonSuccessAndDebuggerNotification(Task task)
   at System.Runtime.CompilerServices.TaskAwaiter.GetResult()
   at KSP3.DesktopApp.CustomUI.Components.ViewMainController.<>c__DisplayClass11_0`1.<<LoadUIAsync>b__0>d.MoveNext() in D:\PROJECTS\KSP3\KSP3.DesktopApp.CustomUI\Components\ViewMainController.cs:line 83
--- End of stack trace from previous location where exception was thrown ---
   at System.Runtime.CompilerServices.TaskAwaiter.ThrowForNonSuccess(Task task)
   at System.Runtime.CompilerServices.TaskAwaiter.HandleNonSuccessAndDebuggerNotification(Task task)
   at System.Runtime.CompilerServices.TaskAwaiter`1.GetResult()
   at KSP3.DesktopApp.CustomUI.Components.ViewMainController.<OnLoadingControl>d__12`1.MoveNext() in D:\PROJECTS\KSP3\KSP3.DesktopApp.CustomUI\Components\ViewMainController.cs:line 116
2023-04-02 21:38:06.4441|ERROR|ClassHelper.LogHelper|System.FormatException: Cannot format the value to the desired type.
   at System.Windows.Forms.Binding.FormatObject(Object value)
   at System.Windows.Forms.Binding.PushData(Boolean force)
   at System.Windows.Forms.Binding.UpdateIsBinding()
   at System.Windows.Forms.Binding.CheckBinding()
   at System.Windows.Forms.Binding.SetListManager(BindingManagerBase bindingManagerBase)
   at System.Windows.Forms.ListManagerBindingsCollection.AddCore(Binding dataBinding)
   at System.Windows.Forms.BindingsCollection.Add(Binding binding)
   at System.Windows.Forms.BindingContext.UpdateBinding(BindingContext newBindingContext, Binding binding)
   at System.Windows.Forms.Binding.SetBindableComponent(IBindableComponent value)
   at System.Windows.Forms.ControlBindingsCollection.AddCore(Binding dataBinding)
   at System.Windows.Forms.BindingsCollection.Add(Binding binding)
   at System.Windows.Forms.ControlBindingsCollection.Add(String propertyName, Object dataSource, String dataMember, Boolean formattingEnabled, DataSourceUpdateMode updateMode, Object nullValue, String formatString, IFormatProvider formatInfo)
   at System.Windows.Forms.ControlBindingsCollection.Add(String propertyName, Object dataSource, String dataMember)
   at KSP3.DesktopApp.CustomUI.UserControls.Home.TSensor.Init() in D:\PROJECTS\KSP3\KSP3.DesktopApp.CustomUI\UserControls\Home\TSensor.cs:line 41
   at KSP3.DesktopApp.CustomUI.UserControls.Home.TSensor.TSensor_Load(Object sender, EventArgs e) in D:\PROJECTS\KSP3\KSP3.DesktopApp.CustomUI\UserControls\Home\TSensor.cs:line 57
   at System.EventHandler.Invoke(Object sender, EventArgs e)
   at System.Windows.Forms.UserControl.OnLoad(EventArgs e)
   at System.Windows.Forms.UserControl.OnCreateControl()
   at System.Windows.Forms.Control.CreateControl(Boolean fIgnoreVisible)
   at System.Windows.Forms.Control.CreateControl()
   at System.Windows.Forms.Control.ControlCollection.Add(Control value)
   at System.Windows.Forms.Control.ControlCollection.AddRange(Control[] controls)
   at KSP3.DesktopApp.CustomUI.UserControls.Home.MainScreen.<LoadUI>d__8.MoveNext() in D:\PROJECTS\KSP3\KSP3.DesktopApp.CustomUI\UserControls\Home\MainScreen.cs:line 64
--- End of stack trace from previous location where exception was thrown ---
   at System.Runtime.CompilerServices.TaskAwaiter.ThrowForNonSuccess(Task task)
   at System.Runtime.CompilerServices.TaskAwaiter.HandleNonSuccessAndDebuggerNotification(Task task)
   at System.Runtime.CompilerServices.TaskAwaiter.GetResult()
   at KSP3.DesktopApp.Views.frmMain.<<RegisterUI>b__4_0>d.MoveNext() in D:\PROJECTS\KSP3\KSP3.DesktopApp\Views\frmMain.cs:line 93
--- End of stack trace from previous location where exception was thrown ---
   at System.Runtime.CompilerServices.TaskAwaiter.ThrowForNonSuccess(Task task)
   at System.Runtime.CompilerServices.TaskAwaiter.HandleNonSuccessAndDebuggerNotification(Task task)
   at System.Runtime.CompilerServices.TaskAwaiter.GetResult()
   at KSP3.DesktopApp.CustomUI.Components.ViewMainController.<>c__DisplayClass11_0`1.<<LoadUIAsync>b__0>d.MoveNext() in D:\PROJECTS\KSP3\KSP3.DesktopApp.CustomUI\Components\ViewMainController.cs:line 83
--- End of stack trace from previous location where exception was thrown ---
   at System.Runtime.CompilerServices.TaskAwaiter.ThrowForNonSuccess(Task task)
   at System.Runtime.CompilerServices.TaskAwaiter.HandleNonSuccessAndDebuggerNotification(Task task)
   at System.Runtime.CompilerServices.TaskAwaiter`1.GetResult()
   at KSP3.DesktopApp.CustomUI.Components.ViewMainController.<OnLoadingControl>d__12`1.MoveNext() in D:\PROJECTS\KSP3\KSP3.DesktopApp.CustomUI\Components\ViewMainController.cs:line 116
2023-04-02 21:39:16.1929|ERROR|ClassHelper.LogHelper|System.FormatException: Cannot format the value to the desired type.
   at System.Windows.Forms.Binding.FormatObject(Object value)
   at System.Windows.Forms.Binding.PushData(Boolean force)
   at System.Windows.Forms.Binding.UpdateIsBinding()
   at System.Windows.Forms.Binding.CheckBinding()
   at System.Windows.Forms.Binding.SetListManager(BindingManagerBase bindingManagerBase)
   at System.Windows.Forms.ListManagerBindingsCollection.AddCore(Binding dataBinding)
   at System.Windows.Forms.BindingsCollection.Add(Binding binding)
   at System.Windows.Forms.BindingContext.UpdateBinding(BindingContext newBindingContext, Binding binding)
   at System.Windows.Forms.Binding.SetBindableComponent(IBindableComponent value)
   at System.Windows.Forms.ControlBindingsCollection.AddCore(Binding dataBinding)
   at System.Windows.Forms.BindingsCollection.Add(Binding binding)
   at System.Windows.Forms.ControlBindingsCollection.Add(String propertyName, Object dataSource, String dataMember, Boolean formattingEnabled, DataSourceUpdateMode updateMode, Object nullValue, String formatString, IFormatProvider formatInfo)
   at System.Windows.Forms.ControlBindingsCollection.Add(String propertyName, Object dataSource, String dataMember)
   at KSP3.DesktopApp.CustomUI.UserControls.Home.TSensor.Init() in D:\PROJECTS\KSP3\KSP3.DesktopApp.CustomUI\UserControls\Home\TSensor.cs:line 41
   at KSP3.DesktopApp.CustomUI.UserControls.Home.TSensor.TSensor_Load(Object sender, EventArgs e) in D:\PROJECTS\KSP3\KSP3.DesktopApp.CustomUI\UserControls\Home\TSensor.cs:line 57
   at System.EventHandler.Invoke(Object sender, EventArgs e)
   at System.Windows.Forms.UserControl.OnLoad(EventArgs e)
   at System.Windows.Forms.UserControl.OnCreateControl()
   at System.Windows.Forms.Control.CreateControl(Boolean fIgnoreVisible)
   at System.Windows.Forms.Control.CreateControl()
   at System.Windows.Forms.Control.ControlCollection.Add(Control value)
   at System.Windows.Forms.Control.ControlCollection.AddRange(Control[] controls)
   at KSP3.DesktopApp.CustomUI.UserControls.Home.MainScreen.<LoadUI>d__8.MoveNext() in D:\PROJECTS\KSP3\KSP3.DesktopApp.CustomUI\UserControls\Home\MainScreen.cs:line 64
--- End of stack trace from previous location where exception was thrown ---
   at System.Runtime.CompilerServices.TaskAwaiter.ThrowForNonSuccess(Task task)
   at System.Runtime.CompilerServices.TaskAwaiter.HandleNonSuccessAndDebuggerNotification(Task task)
   at System.Runtime.CompilerServices.TaskAwaiter.GetResult()
   at KSP3.DesktopApp.Views.frmMain.<<RegisterUI>b__4_0>d.MoveNext() in D:\PROJECTS\KSP3\KSP3.DesktopApp\Views\frmMain.cs:line 93
--- End of stack trace from previous location where exception was thrown ---
   at System.Runtime.CompilerServices.TaskAwaiter.ThrowForNonSuccess(Task task)
   at System.Runtime.CompilerServices.TaskAwaiter.HandleNonSuccessAndDebuggerNotification(Task task)
   at System.Runtime.CompilerServices.TaskAwaiter.GetResult()
   at KSP3.DesktopApp.CustomUI.Components.ViewMainController.<>c__DisplayClass11_0`1.<<LoadUIAsync>b__0>d.MoveNext() in D:\PROJECTS\KSP3\KSP3.DesktopApp.CustomUI\Components\ViewMainController.cs:line 83
--- End of stack trace from previous location where exception was thrown ---
   at System.Runtime.CompilerServices.TaskAwaiter.ThrowForNonSuccess(Task task)
   at System.Runtime.CompilerServices.TaskAwaiter.HandleNonSuccessAndDebuggerNotification(Task task)
   at System.Runtime.CompilerServices.TaskAwaiter`1.GetResult()
   at KSP3.DesktopApp.CustomUI.Components.ViewMainController.<OnLoadingControl>d__12`1.MoveNext() in D:\PROJECTS\KSP3\KSP3.DesktopApp.CustomUI\Components\ViewMainController.cs:line 116
2023-04-02 21:40:03.4158|ERROR|ClassHelper.LogHelper|System.FormatException: Cannot format the value to the desired type.
   at System.Windows.Forms.Binding.FormatObject(Object value)
   at System.Windows.Forms.Binding.PushData(Boolean force)
   at System.Windows.Forms.Binding.UpdateIsBinding()
   at System.Windows.Forms.Binding.CheckBinding()
   at System.Windows.Forms.Binding.SetListManager(BindingManagerBase bindingManagerBase)
   at System.Windows.Forms.ListManagerBindingsCollection.AddCore(Binding dataBinding)
   at System.Windows.Forms.BindingsCollection.Add(Binding binding)
   at System.Windows.Forms.BindingContext.UpdateBinding(BindingContext newBindingContext, Binding binding)
   at System.Windows.Forms.Binding.SetBindableComponent(IBindableComponent value)
   at System.Windows.Forms.ControlBindingsCollection.AddCore(Binding dataBinding)
   at System.Windows.Forms.BindingsCollection.Add(Binding binding)
   at System.Windows.Forms.ControlBindingsCollection.Add(String propertyName, Object dataSource, String dataMember, Boolean formattingEnabled, DataSourceUpdateMode updateMode, Object nullValue, String formatString, IFormatProvider formatInfo)
   at System.Windows.Forms.ControlBindingsCollection.Add(String propertyName, Object dataSource, String dataMember)
   at KSP3.DesktopApp.CustomUI.UserControls.Home.TSensor.Init() in D:\PROJECTS\KSP3\KSP3.DesktopApp.CustomUI\UserControls\Home\TSensor.cs:line 41
   at KSP3.DesktopApp.CustomUI.UserControls.Home.TSensor.TSensor_Load(Object sender, EventArgs e) in D:\PROJECTS\KSP3\KSP3.DesktopApp.CustomUI\UserControls\Home\TSensor.cs:line 57
   at System.EventHandler.Invoke(Object sender, EventArgs e)
   at System.Windows.Forms.UserControl.OnLoad(EventArgs e)
   at System.Windows.Forms.UserControl.OnCreateControl()
   at System.Windows.Forms.Control.CreateControl(Boolean fIgnoreVisible)
   at System.Windows.Forms.Control.CreateControl()
   at System.Windows.Forms.Control.ControlCollection.Add(Control value)
   at System.Windows.Forms.Control.ControlCollection.AddRange(Control[] controls)
   at KSP3.DesktopApp.CustomUI.UserControls.Home.MainScreen.<LoadUI>d__8.MoveNext() in D:\PROJECTS\KSP3\KSP3.DesktopApp.CustomUI\UserControls\Home\MainScreen.cs:line 64
--- End of stack trace from previous location where exception was thrown ---
   at System.Runtime.CompilerServices.TaskAwaiter.ThrowForNonSuccess(Task task)
   at System.Runtime.CompilerServices.TaskAwaiter.HandleNonSuccessAndDebuggerNotification(Task task)
   at System.Runtime.CompilerServices.TaskAwaiter.GetResult()
   at KSP3.DesktopApp.Views.frmMain.<<RegisterUI>b__4_0>d.MoveNext() in D:\PROJECTS\KSP3\KSP3.DesktopApp\Views\frmMain.cs:line 93
--- End of stack trace from previous location where exception was thrown ---
   at System.Runtime.CompilerServices.TaskAwaiter.ThrowForNonSuccess(Task task)
   at System.Runtime.CompilerServices.TaskAwaiter.HandleNonSuccessAndDebuggerNotification(Task task)
   at System.Runtime.CompilerServices.TaskAwaiter.GetResult()
   at KSP3.DesktopApp.CustomUI.Components.ViewMainController.<>c__DisplayClass11_0`1.<<LoadUIAsync>b__0>d.MoveNext() in D:\PROJECTS\KSP3\KSP3.DesktopApp.CustomUI\Components\ViewMainController.cs:line 83
--- End of stack trace from previous location where exception was thrown ---
   at System.Runtime.CompilerServices.TaskAwaiter.ThrowForNonSuccess(Task task)
   at System.Runtime.CompilerServices.TaskAwaiter.HandleNonSuccessAndDebuggerNotification(Task task)
   at System.Runtime.CompilerServices.TaskAwaiter`1.GetResult()
   at KSP3.DesktopApp.CustomUI.Components.ViewMainController.<OnLoadingControl>d__12`1.MoveNext() in D:\PROJECTS\KSP3\KSP3.DesktopApp.CustomUI\Components\ViewMainController.cs:line 116
2023-04-02 21:41:52.7732|ERROR|ClassHelper.LogHelper|System.ArgumentNullException: Value cannot be null.
Parameter name: dataSource
   at System.Windows.Forms.ControlBindingsCollection.Add(String propertyName, Object dataSource, String dataMember, Boolean formattingEnabled, DataSourceUpdateMode updateMode, Object nullValue, String formatString, IFormatProvider formatInfo)
   at System.Windows.Forms.ControlBindingsCollection.Add(String propertyName, Object dataSource, String dataMember)
   at KSP3.DesktopApp.CustomUI.UserControls.Home.TSensor.Init() in D:\PROJECTS\KSP3\KSP3.DesktopApp.CustomUI\UserControls\Home\TSensor.cs:line 41
   at KSP3.DesktopApp.CustomUI.UserControls.Home.TSensor.TSensor_Load(Object sender, EventArgs e) in D:\PROJECTS\KSP3\KSP3.DesktopApp.CustomUI\UserControls\Home\TSensor.cs:line 57
   at System.EventHandler.Invoke(Object sender, EventArgs e)
   at System.Windows.Forms.UserControl.OnLoad(EventArgs e)
   at System.Windows.Forms.UserControl.OnCreateControl()
   at System.Windows.Forms.Control.CreateControl(Boolean fIgnoreVisible)
   at System.Windows.Forms.Control.CreateControl()
   at System.Windows.Forms.Control.ControlCollection.Add(Control value)
   at System.Windows.Forms.Control.ControlCollection.AddRange(Control[] controls)
   at KSP3.DesktopApp.CustomUI.UserControls.Home.MainScreen.<LoadUI>d__8.MoveNext() in D:\PROJECTS\KSP3\KSP3.DesktopApp.CustomUI\UserControls\Home\MainScreen.cs:line 64
--- End of stack trace from previous location where exception was thrown ---
   at System.Runtime.CompilerServices.TaskAwaiter.ThrowForNonSuccess(Task task)
   at System.Runtime.CompilerServices.TaskAwaiter.HandleNonSuccessAndDebuggerNotification(Task task)
   at System.Runtime.CompilerServices.TaskAwaiter.GetResult()
   at KSP3.DesktopApp.Views.frmMain.<<RegisterUI>b__4_0>d.MoveNext() in D:\PROJECTS\KSP3\KSP3.DesktopApp\Views\frmMain.cs:line 93
--- End of stack trace from previous location where exception was thrown ---
   at System.Runtime.CompilerServices.TaskAwaiter.ThrowForNonSuccess(Task task)
   at System.Runtime.CompilerServices.TaskAwaiter.HandleNonSuccessAndDebuggerNotification(Task task)
   at System.Runtime.CompilerServices.TaskAwaiter.GetResult()
   at KSP3.DesktopApp.CustomUI.Components.ViewMainController.<>c__DisplayClass11_0`1.<<LoadUIAsync>b__0>d.MoveNext() in D:\PROJECTS\KSP3\KSP3.DesktopApp.CustomUI\Components\ViewMainController.cs:line 83
--- End of stack trace from previous location where exception was thrown ---
   at System.Runtime.CompilerServices.TaskAwaiter.ThrowForNonSuccess(Task task)
   at System.Runtime.CompilerServices.TaskAwaiter.HandleNonSuccessAndDebuggerNotification(Task task)
   at System.Runtime.CompilerServices.TaskAwaiter`1.GetResult()
   at KSP3.DesktopApp.CustomUI.Components.ViewMainController.<OnLoadingControl>d__12`1.MoveNext() in D:\PROJECTS\KSP3\KSP3.DesktopApp.CustomUI\Components\ViewMainController.cs:line 116
2023-04-02 21:42:18.4320|ERROR|ClassHelper.LogHelper|System.ArgumentNullException: Value cannot be null.
Parameter name: dataSource
   at System.Windows.Forms.ControlBindingsCollection.Add(String propertyName, Object dataSource, String dataMember, Boolean formattingEnabled, DataSourceUpdateMode updateMode, Object nullValue, String formatString, IFormatProvider formatInfo)
   at System.Windows.Forms.ControlBindingsCollection.Add(String propertyName, Object dataSource, String dataMember)
   at KSP3.DesktopApp.CustomUI.UserControls.Home.TSensor.Init() in D:\PROJECTS\KSP3\KSP3.DesktopApp.CustomUI\UserControls\Home\TSensor.cs:line 41
   at KSP3.DesktopApp.CustomUI.UserControls.Home.TSensor.TSensor_Load(Object sender, EventArgs e) in D:\PROJECTS\KSP3\KSP3.DesktopApp.CustomUI\UserControls\Home\TSensor.cs:line 57
   at System.EventHandler.Invoke(Object sender, EventArgs e)
   at System.Windows.Forms.UserControl.OnLoad(EventArgs e)
   at System.Windows.Forms.UserControl.OnCreateControl()
   at System.Windows.Forms.Control.CreateControl(Boolean fIgnoreVisible)
   at System.Windows.Forms.Control.CreateControl()
   at System.Windows.Forms.Control.ControlCollection.Add(Control value)
   at System.Windows.Forms.Control.ControlCollection.AddRange(Control[] controls)
   at KSP3.DesktopApp.CustomUI.UserControls.Home.MainScreen.<LoadUI>d__8.MoveNext() in D:\PROJECTS\KSP3\KSP3.DesktopApp.CustomUI\UserControls\Home\MainScreen.cs:line 64
--- End of stack trace from previous location where exception was thrown ---
   at System.Runtime.CompilerServices.TaskAwaiter.ThrowForNonSuccess(Task task)
   at System.Runtime.CompilerServices.TaskAwaiter.HandleNonSuccessAndDebuggerNotification(Task task)
   at System.Runtime.CompilerServices.TaskAwaiter.GetResult()
   at KSP3.DesktopApp.Views.frmMain.<<RegisterUI>b__4_0>d.MoveNext() in D:\PROJECTS\KSP3\KSP3.DesktopApp\Views\frmMain.cs:line 93
--- End of stack trace from previous location where exception was thrown ---
   at System.Runtime.CompilerServices.TaskAwaiter.ThrowForNonSuccess(Task task)
   at System.Runtime.CompilerServices.TaskAwaiter.HandleNonSuccessAndDebuggerNotification(Task task)
   at System.Runtime.CompilerServices.TaskAwaiter.GetResult()
   at KSP3.DesktopApp.CustomUI.Components.ViewMainController.<>c__DisplayClass11_0`1.<<LoadUIAsync>b__0>d.MoveNext() in D:\PROJECTS\KSP3\KSP3.DesktopApp.CustomUI\Components\ViewMainController.cs:line 83
--- End of stack trace from previous location where exception was thrown ---
   at System.Runtime.CompilerServices.TaskAwaiter.ThrowForNonSuccess(Task task)
   at System.Runtime.CompilerServices.TaskAwaiter.HandleNonSuccessAndDebuggerNotification(Task task)
   at System.Runtime.CompilerServices.TaskAwaiter`1.GetResult()
   at KSP3.DesktopApp.CustomUI.Components.ViewMainController.<OnLoadingControl>d__12`1.MoveNext() in D:\PROJECTS\KSP3\KSP3.DesktopApp.CustomUI\Components\ViewMainController.cs:line 116
2023-04-02 21:45:13.1384|ERROR|ClassHelper.LogHelper|System.FormatException: Cannot format the value to the desired type.
   at System.Windows.Forms.Binding.FormatObject(Object value)
   at System.Windows.Forms.Binding.PushData(Boolean force)
   at System.Windows.Forms.Binding.UpdateIsBinding()
   at System.Windows.Forms.Binding.CheckBinding()
   at System.Windows.Forms.Binding.SetListManager(BindingManagerBase bindingManagerBase)
   at System.Windows.Forms.ListManagerBindingsCollection.AddCore(Binding dataBinding)
   at System.Windows.Forms.BindingsCollection.Add(Binding binding)
   at System.Windows.Forms.BindingContext.UpdateBinding(BindingContext newBindingContext, Binding binding)
   at System.Windows.Forms.Binding.SetBindableComponent(IBindableComponent value)
   at System.Windows.Forms.ControlBindingsCollection.AddCore(Binding dataBinding)
   at System.Windows.Forms.BindingsCollection.Add(Binding binding)
   at System.Windows.Forms.ControlBindingsCollection.Add(String propertyName, Object dataSource, String dataMember, Boolean formattingEnabled, DataSourceUpdateMode updateMode, Object nullValue, String formatString, IFormatProvider formatInfo)
   at System.Windows.Forms.ControlBindingsCollection.Add(String propertyName, Object dataSource, String dataMember)
   at KSP3.DesktopApp.CustomUI.UserControls.Home.TSensor.Init() in D:\PROJECTS\KSP3\KSP3.DesktopApp.CustomUI\UserControls\Home\TSensor.cs:line 41
   at KSP3.DesktopApp.CustomUI.UserControls.Home.TSensor.TSensor_Load(Object sender, EventArgs e) in D:\PROJECTS\KSP3\KSP3.DesktopApp.CustomUI\UserControls\Home\TSensor.cs:line 57
   at System.EventHandler.Invoke(Object sender, EventArgs e)
   at System.Windows.Forms.UserControl.OnLoad(EventArgs e)
   at System.Windows.Forms.UserControl.OnCreateControl()
   at System.Windows.Forms.Control.CreateControl(Boolean fIgnoreVisible)
   at System.Windows.Forms.Control.CreateControl()
   at System.Windows.Forms.Control.ControlCollection.Add(Control value)
   at System.Windows.Forms.Control.ControlCollection.AddRange(Control[] controls)
   at KSP3.DesktopApp.CustomUI.UserControls.Home.MainScreen.<LoadUI>d__8.MoveNext() in D:\PROJECTS\KSP3\KSP3.DesktopApp.CustomUI\UserControls\Home\MainScreen.cs:line 64
--- End of stack trace from previous location where exception was thrown ---
   at System.Runtime.CompilerServices.TaskAwaiter.ThrowForNonSuccess(Task task)
   at System.Runtime.CompilerServices.TaskAwaiter.HandleNonSuccessAndDebuggerNotification(Task task)
   at System.Runtime.CompilerServices.TaskAwaiter.GetResult()
   at KSP3.DesktopApp.Views.frmMain.<<RegisterUI>b__4_0>d.MoveNext() in D:\PROJECTS\KSP3\KSP3.DesktopApp\Views\frmMain.cs:line 93
--- End of stack trace from previous location where exception was thrown ---
   at System.Runtime.CompilerServices.TaskAwaiter.ThrowForNonSuccess(Task task)
   at System.Runtime.CompilerServices.TaskAwaiter.HandleNonSuccessAndDebuggerNotification(Task task)
   at System.Runtime.CompilerServices.TaskAwaiter.GetResult()
   at KSP3.DesktopApp.CustomUI.Components.ViewMainController.<>c__DisplayClass11_0`1.<<LoadUIAsync>b__0>d.MoveNext() in D:\PROJECTS\KSP3\KSP3.DesktopApp.CustomUI\Components\ViewMainController.cs:line 83
--- End of stack trace from previous location where exception was thrown ---
   at System.Runtime.CompilerServices.TaskAwaiter.ThrowForNonSuccess(Task task)
   at System.Runtime.CompilerServices.TaskAwaiter.HandleNonSuccessAndDebuggerNotification(Task task)
   at System.Runtime.CompilerServices.TaskAwaiter`1.GetResult()
   at KSP3.DesktopApp.CustomUI.Components.ViewMainController.<OnLoadingControl>d__12`1.MoveNext() in D:\PROJECTS\KSP3\KSP3.DesktopApp.CustomUI\Components\ViewMainController.cs:line 116
2023-04-02 21:46:43.1502|ERROR|ClassHelper.LogHelper|System.FormatException: Cannot format the value to the desired type.
   at System.Windows.Forms.Binding.FormatObject(Object value)
   at System.Windows.Forms.Binding.PushData(Boolean force)
   at System.Windows.Forms.Binding.UpdateIsBinding()
   at System.Windows.Forms.Binding.CheckBinding()
   at System.Windows.Forms.Binding.SetListManager(BindingManagerBase bindingManagerBase)
   at System.Windows.Forms.ListManagerBindingsCollection.AddCore(Binding dataBinding)
   at System.Windows.Forms.BindingsCollection.Add(Binding binding)
   at System.Windows.Forms.BindingContext.UpdateBinding(BindingContext newBindingContext, Binding binding)
   at System.Windows.Forms.Binding.SetBindableComponent(IBindableComponent value)
   at System.Windows.Forms.ControlBindingsCollection.AddCore(Binding dataBinding)
   at System.Windows.Forms.BindingsCollection.Add(Binding binding)
   at System.Windows.Forms.ControlBindingsCollection.Add(String propertyName, Object dataSource, String dataMember, Boolean formattingEnabled, DataSourceUpdateMode updateMode, Object nullValue, String formatString, IFormatProvider formatInfo)
   at System.Windows.Forms.ControlBindingsCollection.Add(String propertyName, Object dataSource, String dataMember)
   at KSP3.DesktopApp.CustomUI.UserControls.Home.TSensor.Init() in D:\PROJECTS\KSP3\KSP3.DesktopApp.CustomUI\UserControls\Home\TSensor.cs:line 41
   at KSP3.DesktopApp.CustomUI.UserControls.Home.TSensor.TSensor_Load(Object sender, EventArgs e) in D:\PROJECTS\KSP3\KSP3.DesktopApp.CustomUI\UserControls\Home\TSensor.cs:line 57
   at System.EventHandler.Invoke(Object sender, EventArgs e)
   at System.Windows.Forms.UserControl.OnLoad(EventArgs e)
   at System.Windows.Forms.UserControl.OnCreateControl()
   at System.Windows.Forms.Control.CreateControl(Boolean fIgnoreVisible)
   at System.Windows.Forms.Control.CreateControl()
   at System.Windows.Forms.Control.ControlCollection.Add(Control value)
   at System.Windows.Forms.Control.ControlCollection.AddRange(Control[] controls)
   at KSP3.DesktopApp.CustomUI.UserControls.Home.MainScreen.<LoadUI>d__8.MoveNext() in D:\PROJECTS\KSP3\KSP3.DesktopApp.CustomUI\UserControls\Home\MainScreen.cs:line 64
--- End of stack trace from previous location where exception was thrown ---
   at System.Runtime.CompilerServices.TaskAwaiter.ThrowForNonSuccess(Task task)
   at System.Runtime.CompilerServices.TaskAwaiter.HandleNonSuccessAndDebuggerNotification(Task task)
   at System.Runtime.CompilerServices.TaskAwaiter.GetResult()
   at KSP3.DesktopApp.Views.frmMain.<<RegisterUI>b__4_0>d.MoveNext() in D:\PROJECTS\KSP3\KSP3.DesktopApp\Views\frmMain.cs:line 93
--- End of stack trace from previous location where exception was thrown ---
   at System.Runtime.CompilerServices.TaskAwaiter.ThrowForNonSuccess(Task task)
   at System.Runtime.CompilerServices.TaskAwaiter.HandleNonSuccessAndDebuggerNotification(Task task)
   at System.Runtime.CompilerServices.TaskAwaiter.GetResult()
   at KSP3.DesktopApp.CustomUI.Components.ViewMainController.<>c__DisplayClass11_0`1.<<LoadUIAsync>b__0>d.MoveNext() in D:\PROJECTS\KSP3\KSP3.DesktopApp.CustomUI\Components\ViewMainController.cs:line 83
--- End of stack trace from previous location where exception was thrown ---
   at System.Runtime.CompilerServices.TaskAwaiter.ThrowForNonSuccess(Task task)
   at System.Runtime.CompilerServices.TaskAwaiter.HandleNonSuccessAndDebuggerNotification(Task task)
   at System.Runtime.CompilerServices.TaskAwaiter`1.GetResult()
   at KSP3.DesktopApp.CustomUI.Components.ViewMainController.<OnLoadingControl>d__12`1.MoveNext() in D:\PROJECTS\KSP3\KSP3.DesktopApp.CustomUI\Components\ViewMainController.cs:line 116
2023-04-02 21:48:38.7409|ERROR|ClassHelper.LogHelper|System.InvalidCastException: Invalid cast from 'System.Double' to 'System.Nullable`1[[System.Double, mscorlib, Version=4.0.0.0, Culture=neutral, PublicKeyToken=b77a5c561934e089]]'.
   at System.Convert.DefaultToType(IConvertible value, Type targetType, IFormatProvider provider)
   at System.Double.System.IConvertible.ToType(Type type, IFormatProvider provider)
   at System.Convert.ChangeType(Object value, Type conversionType, IFormatProvider provider)
   at System.Windows.Forms.Binding.FormatObject(Object value)
   at System.Windows.Forms.Binding.PushData(Boolean force)
   at System.Windows.Forms.Binding.UpdateIsBinding()
   at System.Windows.Forms.Binding.CheckBinding()
   at System.Windows.Forms.Binding.SetListManager(BindingManagerBase bindingManagerBase)
   at System.Windows.Forms.ListManagerBindingsCollection.AddCore(Binding dataBinding)
   at System.Windows.Forms.BindingsCollection.Add(Binding binding)
   at System.Windows.Forms.BindingContext.UpdateBinding(BindingContext newBindingContext, Binding binding)
   at System.Windows.Forms.Binding.SetBindableComponent(IBindableComponent value)
   at System.Windows.Forms.ControlBindingsCollection.AddCore(Binding dataBinding)
   at System.Windows.Forms.BindingsCollection.Add(Binding binding)
   at System.Windows.Forms.ControlBindingsCollection.Add(String propertyName, Object dataSource, String dataMember, Boolean formattingEnabled, DataSourceUpdateMode updateMode, Object nullValue, String formatString, IFormatProvider formatInfo)
   at System.Windows.Forms.ControlBindingsCollection.Add(String propertyName, Object dataSource, String dataMember)
   at KSP3.DesktopApp.CustomUI.UserControls.Home.TSensor.Init() in D:\PROJECTS\KSP3\KSP3.DesktopApp.CustomUI\UserControls\Home\TSensor.cs:line 41
   at KSP3.DesktopApp.CustomUI.UserControls.Home.TSensor.TSensor_Load(Object sender, EventArgs e) in D:\PROJECTS\KSP3\KSP3.DesktopApp.CustomUI\UserControls\Home\TSensor.cs:line 57
   at System.EventHandler.Invoke(Object sender, EventArgs e)
   at System.Windows.Forms.UserControl.OnLoad(EventArgs e)
   at System.Windows.Forms.UserControl.OnCreateControl()
   at System.Windows.Forms.Control.CreateControl(Boolean fIgnoreVisible)
   at System.Windows.Forms.Control.CreateControl()
   at System.Windows.Forms.Control.ControlCollection.Add(Control value)
   at System.Windows.Forms.Control.ControlCollection.AddRange(Control[] controls)
   at KSP3.DesktopApp.CustomUI.UserControls.Home.MainScreen.<LoadUI>d__8.MoveNext() in D:\PROJECTS\KSP3\KSP3.DesktopApp.CustomUI\UserControls\Home\MainScreen.cs:line 64
--- End of stack trace from previous location where exception was thrown ---
   at System.Runtime.CompilerServices.TaskAwaiter.ThrowForNonSuccess(Task task)
   at System.Runtime.CompilerServices.TaskAwaiter.HandleNonSuccessAndDebuggerNotification(Task task)
   at System.Runtime.CompilerServices.TaskAwaiter.GetResult()
   at KSP3.DesktopApp.Views.frmMain.<<RegisterUI>b__4_0>d.MoveNext() in D:\PROJECTS\KSP3\KSP3.DesktopApp\Views\frmMain.cs:line 93
--- End of stack trace from previous location where exception was thrown ---
   at System.Runtime.CompilerServices.TaskAwaiter.ThrowForNonSuccess(Task task)
   at System.Runtime.CompilerServices.TaskAwaiter.HandleNonSuccessAndDebuggerNotification(Task task)
   at System.Runtime.CompilerServices.TaskAwaiter.GetResult()
   at KSP3.DesktopApp.CustomUI.Components.ViewMainController.<>c__DisplayClass11_0`1.<<LoadUIAsync>b__0>d.MoveNext() in D:\PROJECTS\KSP3\KSP3.DesktopApp.CustomUI\Components\ViewMainController.cs:line 83
--- End of stack trace from previous location where exception was thrown ---
   at System.Runtime.CompilerServices.TaskAwaiter.ThrowForNonSuccess(Task task)
   at System.Runtime.CompilerServices.TaskAwaiter.HandleNonSuccessAndDebuggerNotification(Task task)
   at System.Runtime.CompilerServices.TaskAwaiter`1.GetResult()
   at KSP3.DesktopApp.CustomUI.Components.ViewMainController.<OnLoadingControl>d__12`1.MoveNext() in D:\PROJECTS\KSP3\KSP3.DesktopApp.CustomUI\Components\ViewMainController.cs:line 116
2023-04-02 21:52:17.5726|ERROR|ClassHelper.LogHelper|System.InvalidCastException: Unable to cast object of type 'KSP3.DesktopApp.CustomUI.UserControls.Home.TSensor' to type 'DTO.Interfaces.ISensorFull'.
   at System.Linq.Enumerable.<CastIterator>d__97`1.MoveNext()
   at System.Collections.Generic.List`1..ctor(IEnumerable`1 collection)
   at System.Linq.Enumerable.ToList[TSource](IEnumerable`1 source)
   at KSP3.DesktopApp.CustomUI.UserControls.Home.MainScreen.<LoadUI>d__8.MoveNext() in D:\PROJECTS\KSP3\KSP3.DesktopApp.CustomUI\UserControls\Home\MainScreen.cs:line 65
--- End of stack trace from previous location where exception was thrown ---
   at System.Runtime.CompilerServices.TaskAwaiter.ThrowForNonSuccess(Task task)
   at System.Runtime.CompilerServices.TaskAwaiter.HandleNonSuccessAndDebuggerNotification(Task task)
   at System.Runtime.CompilerServices.TaskAwaiter.GetResult()
   at KSP3.DesktopApp.Views.frmMain.<<RegisterUI>b__4_0>d.MoveNext() in D:\PROJECTS\KSP3\KSP3.DesktopApp\Views\frmMain.cs:line 93
--- End of stack trace from previous location where exception was thrown ---
   at System.Runtime.CompilerServices.TaskAwaiter.ThrowForNonSuccess(Task task)
   at System.Runtime.CompilerServices.TaskAwaiter.HandleNonSuccessAndDebuggerNotification(Task task)
   at System.Runtime.CompilerServices.TaskAwaiter.GetResult()
   at KSP3.DesktopApp.CustomUI.Components.ViewMainController.<>c__DisplayClass11_0`1.<<LoadUIAsync>b__0>d.MoveNext() in D:\PROJECTS\KSP3\KSP3.DesktopApp.CustomUI\Components\ViewMainController.cs:line 83
--- End of stack trace from previous location where exception was thrown ---
   at System.Runtime.CompilerServices.TaskAwaiter.ThrowForNonSuccess(Task task)
   at System.Runtime.CompilerServices.TaskAwaiter.HandleNonSuccessAndDebuggerNotification(Task task)
   at System.Runtime.CompilerServices.TaskAwaiter`1.GetResult()
   at KSP3.DesktopApp.CustomUI.Components.ViewMainController.<OnLoadingControl>d__12`1.MoveNext() in D:\PROJECTS\KSP3\KSP3.DesktopApp.CustomUI\Components\ViewMainController.cs:line 116
2023-04-02 21:56:17.0543|ERROR|ClassHelper.LogHelper|System.MissingMethodException: Cannot create an instance of an interface.
   at System.RuntimeTypeHandle.CreateInstance(RuntimeType type, Boolean publicOnly, Boolean noCheck, Boolean& canBeCached, RuntimeMethodHandleInternal& ctor, Boolean& bNeedSecurityCheck)
   at System.RuntimeType.CreateInstanceSlow(Boolean publicOnly, Boolean skipCheckThis, Boolean fillCache, StackCrawlMark& stackMark)
   at System.RuntimeType.CreateInstanceDefaultCtor(Boolean publicOnly, Boolean skipCheckThis, Boolean fillCache, StackCrawlMark& stackMark)
   at System.Activator.CreateInstance[T]()
   at ClassHelper.ConvertHelper.Cast[T](Object obj) in D:\PROJECTS\KSP3\ClassHelper\ConvertHelper.cs:line 22
   at KSP3.DesktopApp.CustomUI.UserControls.Home.TSensor.SetSensor(ISensorFull sensor) in D:\PROJECTS\KSP3\KSP3.DesktopApp.CustomUI\UserControls\Home\TSensor.cs:line 35
   at KSP3.DesktopApp.CustomUI.UserControls.Home.MainScreen.<>c__DisplayClass8_0.<LoadUI>b__0(Int32 i) in D:\PROJECTS\KSP3\KSP3.DesktopApp.CustomUI\UserControls\Home\MainScreen.cs:line 44
   at System.Linq.Enumerable.WhereSelectEnumerableIterator`2.MoveNext()
   at System.Linq.Buffer`1..ctor(IEnumerable`1 source)
   at System.Linq.Enumerable.ToArray[TSource](IEnumerable`1 source)
   at KSP3.DesktopApp.CustomUI.UserControls.Home.MainScreen.<LoadUI>d__8.MoveNext() in D:\PROJECTS\KSP3\KSP3.DesktopApp.CustomUI\UserControls\Home\MainScreen.cs:line 40
--- End of stack trace from previous location where exception was thrown ---
   at System.Runtime.CompilerServices.TaskAwaiter.ThrowForNonSuccess(Task task)
   at System.Runtime.CompilerServices.TaskAwaiter.HandleNonSuccessAndDebuggerNotification(Task task)
   at System.Runtime.CompilerServices.TaskAwaiter.GetResult()
   at KSP3.DesktopApp.Views.frmMain.<<RegisterUI>b__4_0>d.MoveNext() in D:\PROJECTS\KSP3\KSP3.DesktopApp\Views\frmMain.cs:line 93
--- End of stack trace from previous location where exception was thrown ---
   at System.Runtime.CompilerServices.TaskAwaiter.ThrowForNonSuccess(Task task)
   at System.Runtime.CompilerServices.TaskAwaiter.HandleNonSuccessAndDebuggerNotification(Task task)
   at System.Runtime.CompilerServices.TaskAwaiter.GetResult()
   at KSP3.DesktopApp.CustomUI.Components.ViewMainController.<>c__DisplayClass11_0`1.<<LoadUIAsync>b__0>d.MoveNext() in D:\PROJECTS\KSP3\KSP3.DesktopApp.CustomUI\Components\ViewMainController.cs:line 83
--- End of stack trace from previous location where exception was thrown ---
   at System.Runtime.CompilerServices.TaskAwaiter.ThrowForNonSuccess(Task task)
   at System.Runtime.CompilerServices.TaskAwaiter.HandleNonSuccessAndDebuggerNotification(Task task)
   at System.Runtime.CompilerServices.TaskAwaiter`1.GetResult()
   at KSP3.DesktopApp.CustomUI.Components.ViewMainController.<OnLoadingControl>d__12`1.MoveNext() in D:\PROJECTS\KSP3\KSP3.DesktopApp.CustomUI\Components\ViewMainController.cs:line 116
2023-04-02 21:57:49.2403|ERROR|ClassHelper.LogHelper|System.MissingMethodException: Cannot create an instance of an interface.
   at System.RuntimeTypeHandle.CreateInstance(RuntimeType type, Boolean publicOnly, Boolean noCheck, Boolean& canBeCached, RuntimeMethodHandleInternal& ctor, Boolean& bNeedSecurityCheck)
   at System.RuntimeType.CreateInstanceSlow(Boolean publicOnly, Boolean skipCheckThis, Boolean fillCache, StackCrawlMark& stackMark)
   at System.RuntimeType.CreateInstanceDefaultCtor(Boolean publicOnly, Boolean skipCheckThis, Boolean fillCache, StackCrawlMark& stackMark)
   at System.Activator.CreateInstance[T]()
   at ClassHelper.ConvertHelper.Cast[T](Object obj) in D:\PROJECTS\KSP3\ClassHelper\ConvertHelper.cs:line 22
   at KSP3.DesktopApp.CustomUI.UserControls.Home.TSensor.SetSensor(ISensorFull sensor) in D:\PROJECTS\KSP3\KSP3.DesktopApp.CustomUI\UserControls\Home\TSensor.cs:line 35
   at KSP3.DesktopApp.CustomUI.UserControls.Home.MainScreen.<>c__DisplayClass8_0.<LoadUI>b__0(Int32 i) in D:\PROJECTS\KSP3\KSP3.DesktopApp.CustomUI\UserControls\Home\MainScreen.cs:line 44
   at System.Linq.Enumerable.WhereSelectEnumerableIterator`2.MoveNext()
   at System.Linq.Buffer`1..ctor(IEnumerable`1 source)
   at System.Linq.Enumerable.ToArray[TSource](IEnumerable`1 source)
   at KSP3.DesktopApp.CustomUI.UserControls.Home.MainScreen.<LoadUI>d__8.MoveNext() in D:\PROJECTS\KSP3\KSP3.DesktopApp.CustomUI\UserControls\Home\MainScreen.cs:line 40
--- End of stack trace from previous location where exception was thrown ---
   at System.Runtime.CompilerServices.TaskAwaiter.ThrowForNonSuccess(Task task)
   at System.Runtime.CompilerServices.TaskAwaiter.HandleNonSuccessAndDebuggerNotification(Task task)
   at System.Runtime.CompilerServices.TaskAwaiter.GetResult()
   at KSP3.DesktopApp.Views.frmMain.<<RegisterUI>b__4_0>d.MoveNext() in D:\PROJECTS\KSP3\KSP3.DesktopApp\Views\frmMain.cs:line 93
--- End of stack trace from previous location where exception was thrown ---
   at System.Runtime.CompilerServices.TaskAwaiter.ThrowForNonSuccess(Task task)
   at System.Runtime.CompilerServices.TaskAwaiter.HandleNonSuccessAndDebuggerNotification(Task task)
   at System.Runtime.CompilerServices.TaskAwaiter.GetResult()
   at KSP3.DesktopApp.CustomUI.Components.ViewMainController.<>c__DisplayClass11_0`1.<<LoadUIAsync>b__0>d.MoveNext() in D:\PROJECTS\KSP3\KSP3.DesktopApp.CustomUI\Components\ViewMainController.cs:line 83
--- End of stack trace from previous location where exception was thrown ---
   at System.Runtime.CompilerServices.TaskAwaiter.ThrowForNonSuccess(Task task)
   at System.Runtime.CompilerServices.TaskAwaiter.HandleNonSuccessAndDebuggerNotification(Task task)
   at System.Runtime.CompilerServices.TaskAwaiter`1.GetResult()
   at KSP3.DesktopApp.CustomUI.Components.ViewMainController.<OnLoadingControl>d__12`1.MoveNext() in D:\PROJECTS\KSP3\KSP3.DesktopApp.CustomUI\Components\ViewMainController.cs:line 116
2023-04-02 21:58:30.6633|ERROR|ClassHelper.LogHelper|System.MissingMethodException: Cannot create an instance of an interface.
   at System.RuntimeTypeHandle.CreateInstance(RuntimeType type, Boolean publicOnly, Boolean noCheck, Boolean& canBeCached, RuntimeMethodHandleInternal& ctor, Boolean& bNeedSecurityCheck)
   at System.RuntimeType.CreateInstanceSlow(Boolean publicOnly, Boolean skipCheckThis, Boolean fillCache, StackCrawlMark& stackMark)
   at System.RuntimeType.CreateInstanceDefaultCtor(Boolean publicOnly, Boolean skipCheckThis, Boolean fillCache, StackCrawlMark& stackMark)
   at System.Activator.CreateInstance[T]()
   at ClassHelper.ConvertHelper.Cast[T](Object obj) in D:\PROJECTS\KSP3\ClassHelper\ConvertHelper.cs:line 22
   at KSP3.DesktopApp.CustomUI.UserControls.Home.TSensor.SetSensor(ISensorFull sensor) in D:\PROJECTS\KSP3\KSP3.DesktopApp.CustomUI\UserControls\Home\TSensor.cs:line 35
   at KSP3.DesktopApp.CustomUI.UserControls.Home.MainScreen.<>c__DisplayClass8_0.<LoadUI>b__0(Int32 i) in D:\PROJECTS\KSP3\KSP3.DesktopApp.CustomUI\UserControls\Home\MainScreen.cs:line 44
   at System.Linq.Enumerable.WhereSelectEnumerableIterator`2.MoveNext()
   at System.Linq.Buffer`1..ctor(IEnumerable`1 source)
   at System.Linq.Enumerable.ToArray[TSource](IEnumerable`1 source)
   at KSP3.DesktopApp.CustomUI.UserControls.Home.MainScreen.<LoadUI>d__8.MoveNext() in D:\PROJECTS\KSP3\KSP3.DesktopApp.CustomUI\UserControls\Home\MainScreen.cs:line 40
--- End of stack trace from previous location where exception was thrown ---
   at System.Runtime.CompilerServices.TaskAwaiter.ThrowForNonSuccess(Task task)
   at System.Runtime.CompilerServices.TaskAwaiter.HandleNonSuccessAndDebuggerNotification(Task task)
   at System.Runtime.CompilerServices.TaskAwaiter.GetResult()
   at KSP3.DesktopApp.Views.frmMain.<<RegisterUI>b__4_0>d.MoveNext() in D:\PROJECTS\KSP3\KSP3.DesktopApp\Views\frmMain.cs:line 93
--- End of stack trace from previous location where exception was thrown ---
   at System.Runtime.CompilerServices.TaskAwaiter.ThrowForNonSuccess(Task task)
   at System.Runtime.CompilerServices.TaskAwaiter.HandleNonSuccessAndDebuggerNotification(Task task)
   at System.Runtime.CompilerServices.TaskAwaiter.GetResult()
   at KSP3.DesktopApp.CustomUI.Components.ViewMainController.<>c__DisplayClass11_0`1.<<LoadUIAsync>b__0>d.MoveNext() in D:\PROJECTS\KSP3\KSP3.DesktopApp.CustomUI\Components\ViewMainController.cs:line 83
--- End of stack trace from previous location where exception was thrown ---
   at System.Runtime.CompilerServices.TaskAwaiter.ThrowForNonSuccess(Task task)
   at System.Runtime.CompilerServices.TaskAwaiter.HandleNonSuccessAndDebuggerNotification(Task task)
   at System.Runtime.CompilerServices.TaskAwaiter`1.GetResult()
   at KSP3.DesktopApp.CustomUI.Components.ViewMainController.<OnLoadingControl>d__12`1.MoveNext() in D:\PROJECTS\KSP3\KSP3.DesktopApp.CustomUI\Components\ViewMainController.cs:line 116
2023-04-02 21:59:31.7514|ERROR|ClassHelper.LogHelper|System.MissingMethodException: Cannot create an instance of an interface.
   at System.RuntimeTypeHandle.CreateInstance(RuntimeType type, Boolean publicOnly, Boolean noCheck, Boolean& canBeCached, RuntimeMethodHandleInternal& ctor, Boolean& bNeedSecurityCheck)
   at System.RuntimeType.CreateInstanceSlow(Boolean publicOnly, Boolean skipCheckThis, Boolean fillCache, StackCrawlMark& stackMark)
   at System.RuntimeType.CreateInstanceDefaultCtor(Boolean publicOnly, Boolean skipCheckThis, Boolean fillCache, StackCrawlMark& stackMark)
   at System.Activator.CreateInstance[T]()
   at ClassHelper.ConvertHelper.Cast[T](Object obj) in D:\PROJECTS\KSP3\ClassHelper\ConvertHelper.cs:line 22
   at KSP3.DesktopApp.CustomUI.UserControls.Home.TSensor.SetSensor(ISensorFull sensor) in D:\PROJECTS\KSP3\KSP3.DesktopApp.CustomUI\UserControls\Home\TSensor.cs:line 35
   at KSP3.DesktopApp.CustomUI.UserControls.Home.MainScreen.<>c__DisplayClass8_0.<LoadUI>b__0(Int32 i) in D:\PROJECTS\KSP3\KSP3.DesktopApp.CustomUI\UserControls\Home\MainScreen.cs:line 44
   at System.Linq.Enumerable.WhereSelectEnumerableIterator`2.MoveNext()
   at System.Linq.Buffer`1..ctor(IEnumerable`1 source)
   at System.Linq.Enumerable.ToArray[TSource](IEnumerable`1 source)
   at KSP3.DesktopApp.CustomUI.UserControls.Home.MainScreen.<LoadUI>d__8.MoveNext() in D:\PROJECTS\KSP3\KSP3.DesktopApp.CustomUI\UserControls\Home\MainScreen.cs:line 40
--- End of stack trace from previous location where exception was thrown ---
   at System.Runtime.CompilerServices.TaskAwaiter.ThrowForNonSuccess(Task task)
   at System.Runtime.CompilerServices.TaskAwaiter.HandleNonSuccessAndDebuggerNotification(Task task)
   at System.Runtime.CompilerServices.TaskAwaiter.GetResult()
   at KSP3.DesktopApp.Views.frmMain.<<RegisterUI>b__4_0>d.MoveNext() in D:\PROJECTS\KSP3\KSP3.DesktopApp\Views\frmMain.cs:line 93
--- End of stack trace from previous location where exception was thrown ---
   at System.Runtime.CompilerServices.TaskAwaiter.ThrowForNonSuccess(Task task)
   at System.Runtime.CompilerServices.TaskAwaiter.HandleNonSuccessAndDebuggerNotification(Task task)
   at System.Runtime.CompilerServices.TaskAwaiter.GetResult()
   at KSP3.DesktopApp.CustomUI.Components.ViewMainController.<>c__DisplayClass11_0`1.<<LoadUIAsync>b__0>d.MoveNext() in D:\PROJECTS\KSP3\KSP3.DesktopApp.CustomUI\Components\ViewMainController.cs:line 83
--- End of stack trace from previous location where exception was thrown ---
   at System.Runtime.CompilerServices.TaskAwaiter.ThrowForNonSuccess(Task task)
   at System.Runtime.CompilerServices.TaskAwaiter.HandleNonSuccessAndDebuggerNotification(Task task)
   at System.Runtime.CompilerServices.TaskAwaiter`1.GetResult()
   at KSP3.DesktopApp.CustomUI.Components.ViewMainController.<OnLoadingControl>d__12`1.MoveNext() in D:\PROJECTS\KSP3\KSP3.DesktopApp.CustomUI\Components\ViewMainController.cs:line 116
2023-04-02 21:59:38.4732|ERROR|ClassHelper.LogHelper|System.Reflection.TargetInvocationException: Exception has been thrown by the target of an invocation. ---> System.MissingMethodException: Cannot create an instance of an interface.
   at KSP3.DesktopApp.CustomUI.Components.ViewMainController.<OnLoadingControl>d__12`1.MoveNext() in D:\PROJECTS\KSP3\KSP3.DesktopApp.CustomUI\Components\ViewMainController.cs:line 125
--- End of stack trace from previous location where exception was thrown ---
   at System.Runtime.CompilerServices.TaskAwaiter.ThrowForNonSuccess(Task task)
   at System.Runtime.CompilerServices.TaskAwaiter.HandleNonSuccessAndDebuggerNotification(Task task)
   at System.Runtime.CompilerServices.TaskAwaiter`1.GetResult()
   at KSP3.DesktopApp.Views.frmMain.<frmMain_Load>d__1.MoveNext() in D:\PROJECTS\KSP3\KSP3.DesktopApp\Views\frmMain.cs:line 36
--- End of stack trace from previous location where exception was thrown ---
   at System.Runtime.CompilerServices.AsyncMethodBuilderCore.<>c.<ThrowAsync>b__6_0(Object state)
   --- End of inner exception stack trace ---
   at System.RuntimeMethodHandle.InvokeMethod(Object target, Object[] arguments, Signature sig, Boolean constructor)
   at System.Reflection.RuntimeMethodInfo.UnsafeInvokeInternal(Object obj, Object[] parameters, Object[] arguments)
   at System.Delegate.DynamicInvokeImpl(Object[] args)
   at System.Windows.Forms.Control.InvokeMarshaledCallbackDo(ThreadMethodEntry tme)
   at System.Windows.Forms.Control.InvokeMarshaledCallbackHelper(Object obj)
   at System.Threading.ExecutionContext.RunInternal(ExecutionContext executionContext, ContextCallback callback, Object state, Boolean preserveSyncCtx)
   at System.Threading.ExecutionContext.Run(ExecutionContext executionContext, ContextCallback callback, Object state, Boolean preserveSyncCtx)
   at System.Threading.ExecutionContext.Run(ExecutionContext executionContext, ContextCallback callback, Object state)
   at System.Windows.Forms.Control.InvokeMarshaledCallback(ThreadMethodEntry tme)
   at System.Windows.Forms.Control.InvokeMarshaledCallbacks()
   at System.Windows.Forms.Control.WndProc(Message& m)
   at System.Windows.Forms.Control.ControlNativeWindow.OnMessage(Message& m)
   at System.Windows.Forms.Control.ControlNativeWindow.WndProc(Message& m)
   at System.Windows.Forms.NativeWindow.DebuggableCallback(IntPtr hWnd, Int32 msg, IntPtr wparam, IntPtr lparam)
   at System.Windows.Forms.UnsafeNativeMethods.DispatchMessageW(MSG& msg)
   at System.Windows.Forms.Application.ComponentManager.System.Windows.Forms.UnsafeNativeMethods.IMsoComponentManager.FPushMessageLoop(IntPtr dwComponentID, Int32 reason, Int32 pvLoopData)
   at System.Windows.Forms.Application.ThreadContext.RunMessageLoopInner(Int32 reason, ApplicationContext context)
   at System.Windows.Forms.Application.ThreadContext.RunMessageLoop(Int32 reason, ApplicationContext context)
   at System.Windows.Forms.Application.Run(Form mainForm)
   at KSP3.DesktopApp.Program.Main() in D:\PROJECTS\KSP3\KSP3.DesktopApp\Program.cs:line 23
2023-04-02 22:00:16.3257|ERROR|ClassHelper.LogHelper|System.MissingMethodException: Cannot create an instance of an interface.
   at System.RuntimeTypeHandle.CreateInstance(RuntimeType type, Boolean publicOnly, Boolean noCheck, Boolean& canBeCached, RuntimeMethodHandleInternal& ctor, Boolean& bNeedSecurityCheck)
   at System.RuntimeType.CreateInstanceSlow(Boolean publicOnly, Boolean skipCheckThis, Boolean fillCache, StackCrawlMark& stackMark)
   at System.RuntimeType.CreateInstanceDefaultCtor(Boolean publicOnly, Boolean skipCheckThis, Boolean fillCache, StackCrawlMark& stackMark)
   at System.Activator.CreateInstance[T]()
   at ClassHelper.ConvertHelper.Cast[T](Object obj) in D:\PROJECTS\KSP3\ClassHelper\ConvertHelper.cs:line 22
   at KSP3.DesktopApp.CustomUI.UserControls.Home.TSensor.SetSensor(ISensorFull sensor) in D:\PROJECTS\KSP3\KSP3.DesktopApp.CustomUI\UserControls\Home\TSensor.cs:line 35
   at KSP3.DesktopApp.CustomUI.UserControls.Home.MainScreen.<>c__DisplayClass8_0.<LoadUI>b__0(Int32 i) in D:\PROJECTS\KSP3\KSP3.DesktopApp.CustomUI\UserControls\Home\MainScreen.cs:line 44
   at System.Linq.Enumerable.WhereSelectEnumerableIterator`2.MoveNext()
   at System.Linq.Buffer`1..ctor(IEnumerable`1 source)
   at System.Linq.Enumerable.ToArray[TSource](IEnumerable`1 source)
   at KSP3.DesktopApp.CustomUI.UserControls.Home.MainScreen.<LoadUI>d__8.MoveNext() in D:\PROJECTS\KSP3\KSP3.DesktopApp.CustomUI\UserControls\Home\MainScreen.cs:line 40
--- End of stack trace from previous location where exception was thrown ---
   at System.Runtime.CompilerServices.TaskAwaiter.ThrowForNonSuccess(Task task)
   at System.Runtime.CompilerServices.TaskAwaiter.HandleNonSuccessAndDebuggerNotification(Task task)
   at System.Runtime.CompilerServices.TaskAwaiter.GetResult()
   at KSP3.DesktopApp.Views.frmMain.<<RegisterUI>b__4_0>d.MoveNext() in D:\PROJECTS\KSP3\KSP3.DesktopApp\Views\frmMain.cs:line 93
--- End of stack trace from previous location where exception was thrown ---
   at System.Runtime.CompilerServices.TaskAwaiter.ThrowForNonSuccess(Task task)
   at System.Runtime.CompilerServices.TaskAwaiter.HandleNonSuccessAndDebuggerNotification(Task task)
   at System.Runtime.CompilerServices.TaskAwaiter.GetResult()
   at KSP3.DesktopApp.CustomUI.Components.ViewMainController.<>c__DisplayClass11_0`1.<<LoadUIAsync>b__0>d.MoveNext() in D:\PROJECTS\KSP3\KSP3.DesktopApp.CustomUI\Components\ViewMainController.cs:line 83
--- End of stack trace from previous location where exception was thrown ---
   at System.Runtime.CompilerServices.TaskAwaiter.ThrowForNonSuccess(Task task)
   at System.Runtime.CompilerServices.TaskAwaiter.HandleNonSuccessAndDebuggerNotification(Task task)
   at System.Runtime.CompilerServices.TaskAwaiter`1.GetResult()
   at KSP3.DesktopApp.CustomUI.Components.ViewMainController.<OnLoadingControl>d__12`1.MoveNext() in D:\PROJECTS\KSP3\KSP3.DesktopApp.CustomUI\Components\ViewMainController.cs:line 116
