2023-05-04 23:14:01.1965|ERROR|ClassHelper.LogHelper|System.InvalidOperationException: None of the given rest routes matches 'GetNextTimeFetchDataInServiceRequest' request:
	/GetNextTimeFetchDataInService:	Allowed HTTP methods 'GET' does not support the specified 'POST' method.
   at ServiceStack.UrlExtensions.ToUrl(Object requestDto, String httpMethod, Func`2 fallback)
   at ServiceStack.ServiceClientBase.ResolveTypedUrl(String httpMethod, Object requestDto)
   at ServiceStack.ServiceClientBase.PostAsync[TResponse](IReturn`1 requestDto, CancellationToken token)
   at KSP3.DesktopApp.Views.frmMain.<>c.<RegisterUI>b__7_16(JsonServiceClient c) in D:\PROJECTS\KSP3\KSP3.DesktopApp\Views\frmMain.cs:line 196
   at KSP3.DesktopApp.UserControls.WCFClient.<TryGetData>d__15`1.MoveNext() in D:\PROJECTS\KSP3\KSP3.DesktopApp\UserControls\WCFClient.cs:line 58
2023-05-04 23:14:02.3954|ERROR|ClassHelper.LogHelper|System.InvalidOperationException: None of the given rest routes matches 'GetNextTimeFetchDataInServiceRequest' request:
	/GetNextTimeFetchDataInService:	Allowed HTTP methods 'GET' does not support the specified 'POST' method.
   at ServiceStack.UrlExtensions.ToUrl(Object requestDto, String httpMethod, Func`2 fallback)
   at ServiceStack.ServiceClientBase.ResolveTypedUrl(String httpMethod, Object requestDto)
   at ServiceStack.ServiceClientBase.PostAsync[TResponse](IReturn`1 requestDto, CancellationToken token)
   at KSP3.DesktopApp.Views.frmMain.<>c.<RegisterUI>b__7_16(JsonServiceClient c) in D:\PROJECTS\KSP3\KSP3.DesktopApp\Views\frmMain.cs:line 196
   at KSP3.DesktopApp.UserControls.WCFClient.<TryGetData>d__15`1.MoveNext() in D:\PROJECTS\KSP3\KSP3.DesktopApp\UserControls\WCFClient.cs:line 58
2023-05-04 23:14:03.5767|ERROR|ClassHelper.LogHelper|System.InvalidOperationException: None of the given rest routes matches 'GetNextTimeFetchDataInServiceRequest' request:
	/GetNextTimeFetchDataInService:	Allowed HTTP methods 'GET' does not support the specified 'POST' method.
   at ServiceStack.UrlExtensions.ToUrl(Object requestDto, String httpMethod, Func`2 fallback)
   at ServiceStack.ServiceClientBase.ResolveTypedUrl(String httpMethod, Object requestDto)
   at ServiceStack.ServiceClientBase.PostAsync[TResponse](IReturn`1 requestDto, CancellationToken token)
   at KSP3.DesktopApp.Views.frmMain.<>c.<RegisterUI>b__7_16(JsonServiceClient c) in D:\PROJECTS\KSP3\KSP3.DesktopApp\Views\frmMain.cs:line 196
   at KSP3.DesktopApp.UserControls.WCFClient.<TryGetData>d__15`1.MoveNext() in D:\PROJECTS\KSP3\KSP3.DesktopApp\UserControls\WCFClient.cs:line 58
2023-05-04 23:14:04.7388|ERROR|ClassHelper.LogHelper|System.InvalidOperationException: None of the given rest routes matches 'GetNextTimeFetchDataInServiceRequest' request:
	/GetNextTimeFetchDataInService:	Allowed HTTP methods 'GET' does not support the specified 'POST' method.
   at ServiceStack.UrlExtensions.ToUrl(Object requestDto, String httpMethod, Func`2 fallback)
   at ServiceStack.ServiceClientBase.ResolveTypedUrl(String httpMethod, Object requestDto)
   at ServiceStack.ServiceClientBase.PostAsync[TResponse](IReturn`1 requestDto, CancellationToken token)
   at KSP3.DesktopApp.Views.frmMain.<>c.<RegisterUI>b__7_16(JsonServiceClient c) in D:\PROJECTS\KSP3\KSP3.DesktopApp\Views\frmMain.cs:line 196
   at KSP3.DesktopApp.UserControls.WCFClient.<TryGetData>d__15`1.MoveNext() in D:\PROJECTS\KSP3\KSP3.DesktopApp\UserControls\WCFClient.cs:line 58
2023-05-04 23:14:05.6783|ERROR|ClassHelper.LogHelper|System.InvalidOperationException: None of the given rest routes matches 'GetNextTimeFetchDataInServiceRequest' request:
	/GetNextTimeFetchDataInService:	Allowed HTTP methods 'GET' does not support the specified 'POST' method.
   at ServiceStack.UrlExtensions.ToUrl(Object requestDto, String httpMethod, Func`2 fallback)
   at ServiceStack.ServiceClientBase.ResolveTypedUrl(String httpMethod, Object requestDto)
   at ServiceStack.ServiceClientBase.PostAsync[TResponse](IReturn`1 requestDto, CancellationToken token)
   at KSP3.DesktopApp.Views.frmMain.<>c.<RegisterUI>b__7_16(JsonServiceClient c) in D:\PROJECTS\KSP3\KSP3.DesktopApp\Views\frmMain.cs:line 196
   at KSP3.DesktopApp.UserControls.WCFClient.<TryGetData>d__15`1.MoveNext() in D:\PROJECTS\KSP3\KSP3.DesktopApp\UserControls\WCFClient.cs:line 58
2023-05-04 23:58:01.4408|INFO|ClassHelper.LogHelper|CancelFetchData AutoFetch
