2023-05-10 09:37:10.0387|INFO|ClassHelper.LogHelper|CancelFetchData AutoFetch
2023-05-10 09:37:10.1025|ERROR|ClassHelper.LogHelper|System.Reflection.TargetInvocationException: Exception has been thrown by the target of an invocation. ---> System.Exception: Not found file log on date 10/05/2023 09:36:51 AM. D:\PROJECTS\KSP3\KSP3_Application\ServiceLastestVersion\logs\2023-05-10.log
   at KSP3.DesktopApp.Views.frmServiceManagement.<ReadLogData>d__4.MoveNext() in D:\PROJECTS\KSP3\KSP3.DesktopApp\Views\frmServiceManagement.cs:line 47
--- End of stack trace from previous location where exception was thrown ---
   at System.Runtime.CompilerServices.TaskAwaiter.ThrowForNonSuccess(Task task)
   at System.Runtime.CompilerServices.TaskAwaiter.HandleNonSuccessAndDebuggerNotification(Task task)
   at System.Runtime.CompilerServices.TaskAwaiter`1.GetResult()
   at KSP3.DesktopApp.Views.frmServiceManagement.<timer1_Tick>d__21.MoveNext() in D:\PROJECTS\KSP3\KSP3.DesktopApp\Views\frmServiceManagement.cs:line 276
--- End of stack trace from previous location where exception was thrown ---
   at System.Runtime.CompilerServices.AsyncMethodBuilderCore.<>c.<ThrowAsync>b__6_0(Object state)
   --- End of inner exception stack trace ---
   at System.RuntimeMethodHandle.InvokeMethod(Object target, Object[] arguments, Signature sig, Boolean constructor)
   at System.Reflection.RuntimeMethodInfo.UnsafeInvokeInternal(Object obj, Object[] parameters, Object[] arguments)
   at System.Delegate.DynamicInvokeImpl(Object[] args)
   at System.Windows.Forms.Control.InvokeMarshaledCallbackDo(ThreadMethodEntry tme)
   at System.Windows.Forms.Control.InvokeMarshaledCallbackHelper(Object obj)
   at System.Threading.ExecutionContext.RunInternal(ExecutionContext executionContext, ContextCallback callback, Object state, Boolean preserveSyncCtx)
   at System.Threading.ExecutionContext.Run(ExecutionContext executionContext, ContextCallback callback, Object state, Boolean preserveSyncCtx)
   at System.Threading.ExecutionContext.Run(ExecutionContext executionContext, ContextCallback callback, Object state)
   at System.Windows.Forms.Control.InvokeMarshaledCallback(ThreadMethodEntry tme)
   at System.Windows.Forms.Control.InvokeMarshaledCallbacks()
   at System.Windows.Forms.Control.WndProc(Message& m)
   at System.Windows.Forms.Control.ControlNativeWindow.OnMessage(Message& m)
   at System.Windows.Forms.Control.ControlNativeWindow.WndProc(Message& m)
   at System.Windows.Forms.NativeWindow.DebuggableCallback(IntPtr hWnd, Int32 msg, IntPtr wparam, IntPtr lparam)
   at System.Windows.Forms.UnsafeNativeMethods.DispatchMessageW(MSG& msg)
   at System.Windows.Forms.Application.ComponentManager.System.Windows.Forms.UnsafeNativeMethods.IMsoComponentManager.FPushMessageLoop(IntPtr dwComponentID, Int32 reason, Int32 pvLoopData)
   at System.Windows.Forms.Application.ThreadContext.RunMessageLoopInner(Int32 reason, ApplicationContext context)
   at System.Windows.Forms.Application.ThreadContext.RunMessageLoop(Int32 reason, ApplicationContext context)
   at System.Windows.Forms.Application.Run(Form mainForm)
   at KSP3.DesktopApp.Program.Main() in D:\PROJECTS\KSP3\KSP3.DesktopApp\Program.cs:line 29
2023-05-10 13:10:45.7759|INFO|ClassHelper.LogHelper|CancelFetchData AutoFetch
2023-05-10 21:32:39.2990|INFO|ClassHelper.LogHelper|CancelFetchData AutoFetch
